[ 2026-02-14 09:43:05,127 ] 63 root - INFO - Performed train test split on the dataframe
[ 2026-02-14 09:43:05,128 ] 65 root - INFO - Exited split_data_as_train_test method of Data_Ingestion class
[ 2026-02-14 09:43:05,129 ] 73 root - INFO - Exporting train and test file path.
[ 2026-02-14 09:43:05,175 ] 82 root - INFO - Exported train and test file path.
[ 2026-02-14 09:43:05,175 ] 20 root - INFO - data ingestion is done
[ 2026-02-14 09:43:05,208 ] 32 root - INFO - Number of columns in schema =31
[ 2026-02-14 09:43:05,208 ] 33 root - INFO - Number of columns in dataframe =31
[ 2026-02-14 09:43:05,208 ] 32 root - INFO - Number of columns in schema =31
[ 2026-02-14 09:43:05,208 ] 33 root - INFO - Number of columns in dataframe =31
[ 2026-02-14 09:43:05,359 ] 66 root - INFO - Starting Data Transformation
[ 2026-02-14 09:43:05,387 ] 76 root - INFO - Train and Test data loaded successfully
[ 2026-02-14 09:43:05,389 ] 89 root - INFO - Target column processed
[ 2026-02-14 09:43:05,389 ] 49 root - INFO - Initialized KNNImputer with params: {'missing_values': nan, 'n_neighbors': 3, 'weights': 'uniform'}
[ 2026-02-14 09:43:05,398 ] 98 root - INFO - Data transformation completed
[ 2026-02-14 09:43:05,404 ] 38 root - INFO - Entered the save_object method of MainUtils class
[ 2026-02-14 09:43:05,408 ] 42 root - INFO - Exited the save_object method of MainUtils class
[ 2026-02-14 09:43:05,408 ] 118 root - INFO - Preprocessor and transformed data saved successfully
[ 2026-02-14 09:43:05,408 ] 126 root - INFO - Data Transformation Artifact created successfully
[ 2026-02-14 09:46:15,695 ] 75 root - INFO - evaluation is done  {'Random Forest': 0.9760289461781999, 'Decision Tree': 0.9687924016282226, 'Gradient Boosting': 0.9592944369063772, 'Logistic Regression': 0.9240162822252375, 'AdaBoost': 0.9231117141564903}
[ 2026-02-14 09:46:30,111 ] 86 root - INFO - mlflow track for training is done
[ 2026-02-14 09:46:33,298 ] 91 root - INFO - mlflow track  for test is done
[ 2026-02-14 09:46:33,304 ] 38 root - INFO - Entered the save_object method of MainUtils class
[ 2026-02-14 09:46:33,339 ] 42 root - INFO - Exited the save_object method of MainUtils class
[ 2026-02-14 09:46:33,348 ] 36 root - INFO - model training is done
